# dune runtest --profile release
# OCAMLPARAM: unset
# Workspace root: "/Users/akshay/Documents/Year
# 2/ProgrammingLanguages/f28pl-2021-22-ocaml-coursework"
$ /usr/bin/getconf _NPROCESSORS_ONLN > /var/folders/8f/q9900gc15kb0bpb1qqd1s4900000gn/T/dunea7dad0.output 2> /dev/null
# Auto-detected concurrency: 8
# disable binary cache
$ /opt/homebrew/bin/ocamlc.opt -config > /var/folders/8f/q9900gc15kb0bpb1qqd1s4900000gn/T/duned66402.output
# Dune context:
#  { name = "default"
#  ; kind = "default"
#  ; profile = Release
#  ; merlin = true
#  ; for_host = None
#  ; fdo_target_exe = None
#  ; build_dir = "default"
#  ; toplevel_path = Some External "/Users/akshay/.opam/default/lib/toplevel"
#  ; ocaml_bin = External "/opt/homebrew/bin"
#  ; ocaml = Ok External "/Users/akshay/.opam/default/bin/ocaml"
#  ; ocamlc = External "/opt/homebrew/bin/ocamlc.opt"
#  ; ocamlopt = Ok External "/opt/homebrew/bin/ocamlopt.opt"
#  ; ocamldep = Ok External "/opt/homebrew/bin/ocamldep.opt"
#  ; ocamlmklib = Ok External "/opt/homebrew/bin/ocamlmklib.opt"
#  ; env =
#      map
#        { "DUNE_OCAML_HARDCODED" : "/Users/akshay/.opam/default/lib"
#        ; "DUNE_OCAML_STDLIB" : "/opt/homebrew/lib/ocaml"
#        ; "DUNE_SOURCEROOT" :
#            "/Users/akshay/Documents/Year 2/ProgrammingLanguages/f28pl-2021-22-ocaml-coursework"
#        ; "INSIDE_DUNE" :
#            "/Users/akshay/Documents/Year 2/ProgrammingLanguages/f28pl-2021-22-ocaml-coursework/_build/default"
#        ; "OCAMLFIND_IGNORE_DUPS_IN" :
#            "/Users/akshay/Documents/Year 2/ProgrammingLanguages/f28pl-2021-22-ocaml-coursework/_build/install/default/lib"
#        ; "OCAMLPATH" :
#            "/Users/akshay/Documents/Year 2/ProgrammingLanguages/f28pl-2021-22-ocaml-coursework/_build/install/default/lib"
#        ; "OCAMLTOP_INCLUDE_PATH" :
#            "/Users/akshay/Documents/Year 2/ProgrammingLanguages/f28pl-2021-22-ocaml-coursework/_build/install/default/lib/toplevel"
#        ; "OCAML_COLOR" : "always"
#        ; "OPAMCOLOR" : "always"
#        }
#  ; findlib_path = [ External "/Users/akshay/.opam/default/lib" ]
#  ; arch_sixtyfour = true
#  ; natdynlink_supported = true
#  ; supports_shared_libraries = true
#  ; ocaml_config =
#      { version = "4.12.0"
#      ; standard_library_default = "/opt/homebrew/lib/ocaml"
#      ; standard_library = "/opt/homebrew/lib/ocaml"
#      ; standard_runtime = "the_standard_runtime_variable_was_deleted"
#      ; ccomp_type = "cc"
#      ; c_compiler = "clang"
#      ; ocamlc_cflags = [ "-O2"; "-fno-strict-aliasing"; "-fwrapv" ]
#      ; ocamlc_cppflags = [ "-D_FILE_OFFSET_BITS=64"; "-D_REENTRANT" ]
#      ; ocamlopt_cflags = [ "-O2"; "-fno-strict-aliasing"; "-fwrapv" ]
#      ; ocamlopt_cppflags = [ "-D_FILE_OFFSET_BITS=64"; "-D_REENTRANT" ]
#      ; bytecomp_c_compiler =
#          [ "clang"
#          ; "-O2"
#          ; "-fno-strict-aliasing"
#          ; "-fwrapv"
#          ; "-D_FILE_OFFSET_BITS=64"
#          ; "-D_REENTRANT"
#          ]
#      ; bytecomp_c_libraries = [ "-lm"; "-lpthread" ]
#      ; native_c_compiler =
#          [ "clang"
#          ; "-O2"
#          ; "-fno-strict-aliasing"
#          ; "-fwrapv"
#          ; "-D_FILE_OFFSET_BITS=64"
#          ; "-D_REENTRANT"
#          ]
#      ; native_c_libraries = [ "-lm" ]
#      ; cc_profile = []
#      ; architecture = "arm64"
#      ; model = "default"
#      ; int_size = 63
#      ; word_size = 64
#      ; system = "macosx"
#      ; asm = [ "clang"; "-c"; "-Wno-trigraphs" ]
#      ; asm_cfi_supported = true
#      ; with_frame_pointers = false
#      ; ext_exe = ""
#      ; ext_obj = ".o"
#      ; ext_asm = ".s"
#      ; ext_lib = ".a"
#      ; ext_dll = ".so"
#      ; os_type = "Unix"
#      ; default_executable_name = "a.out"
#      ; systhread_supported = true
#      ; host = "aarch64-apple-darwin20.3.0"
#      ; target = "aarch64-apple-darwin20.3.0"
#      ; profiling = false
#      ; flambda = false
#      ; spacetime = false
#      ; safe_string = true
#      ; exec_magic_number = "Caml1999X029"
#      ; cmi_magic_number = "Caml1999I029"
#      ; cmo_magic_number = "Caml1999O029"
#      ; cma_magic_number = "Caml1999A029"
#      ; cmx_magic_number = "Caml1999Y029"
#      ; cmxa_magic_number = "Caml1999Z029"
#      ; ast_impl_magic_number = "Caml1999M029"
#      ; ast_intf_magic_number = "Caml1999N029"
#      ; cmxs_magic_number = "Caml1999D029"
#      ; cmt_magic_number = "Caml1999T029"
#      ; natdynlink_supported = true
#      ; supports_shared_libraries = true
#      ; windows_unicode = false
#      }
#  }
$ (cd _build/default && /opt/homebrew/bin/ocamlc.opt -w -40 -g -bin-annot -I 1-complex-numbers/lib/.ComplexNumbers.objs/byte -no-alias-deps -o 1-complex-numbers/lib/.ComplexNumbers.objs/byte/complexNumbers.cmo -c -impl 1-complex-numbers/lib/ComplexNumbers.ml)
$ (cd _build/default && /opt/homebrew/bin/ocamlc.opt -w -40 -g -bin-annot -I 2-sequence-arithmetic/lib/.SequenceArithmetic.objs/byte -no-alias-deps -o 2-sequence-arithmetic/lib/.SequenceArithmetic.objs/byte/sequenceArithmetic.cmo -c -impl 2-sequence-arithmetic/lib/SequenceArithmetic.ml)
$ (cd _build/default && /opt/homebrew/bin/ocamlc.opt -w -40 -g -bin-annot -I 3-matrices/lib/.Matrices.objs/byte -no-alias-deps -o 3-matrices/lib/.Matrices.objs/byte/matrices.cmo -c -impl 3-matrices/lib/Matrices.ml)
$ (cd _build/default && /opt/homebrew/bin/ocamldep.opt -modules -impl 4-essay-question/test/EssayTests.ml) > _build/default/4-essay-question/test/.EssayTests.eobjs/EssayTests.ml.d
$ (cd _build/default && /opt/homebrew/bin/ocamldep.opt -modules -impl 2-sequence-arithmetic/test/SequenceArithmeticTests.ml) > _build/default/2-sequence-arithmetic/test/.SequenceArithmeticTests.eobjs/SequenceArithmeticTests.ml.d
$ (cd _build/default && /opt/homebrew/bin/ocamldep.opt -modules -impl 1-complex-numbers/test/ComplexNumbersTests.ml) > _build/default/1-complex-numbers/test/.ComplexNumbersTests.eobjs/ComplexNumbersTests.ml.d
$ (cd _build/default && /opt/homebrew/bin/ocamldep.opt -modules -impl 3-matrices/test/MatricesTests.ml) > _build/default/3-matrices/test/.MatricesTests.eobjs/MatricesTests.ml.d
$ (cd _build/default && /opt/homebrew/bin/ocamlc.opt -w -40 -g -bin-annot -I 4-essay-question/lib/.Essay.objs/byte -no-alias-deps -o 4-essay-question/lib/.Essay.objs/byte/essay.cmo -c -impl 4-essay-question/lib/Essay.ml)
$ (cd _build/default && /opt/homebrew/bin/ocamldep.opt -modules -impl 5-isomorphic-functions/test/FunctionsTests.ml) > _build/default/5-isomorphic-functions/test/.FunctionsTests.eobjs/FunctionsTests.ml.d
$ (cd _build/default && /opt/homebrew/bin/ocamlc.opt -w -40 -g -bin-annot -I 5-isomorphic-functions/lib/.Functions.objs/byte -no-alias-deps -o 5-isomorphic-functions/lib/.Functions.objs/byte/functions.cmo -c -impl 5-isomorphic-functions/lib/Functions.ml)
$ (cd _build/default && /opt/homebrew/bin/ocamldep.opt -modules -impl 6-Church-numerals/test/ChurchNumeralsTests.ml) > _build/default/6-Church-numerals/test/.ChurchNumeralsTests.eobjs/ChurchNumeralsTests.ml.d
$ (cd _build/default && /opt/homebrew/bin/ocamlc.opt -w -40 -g -bin-annot -I 6-Church-numerals/lib/.ChurchNumerals.objs/byte -no-alias-deps -o 6-Church-numerals/lib/.ChurchNumerals.objs/byte/churchNumerals.cmo -c -impl 6-Church-numerals/lib/ChurchNumerals.ml)
$ (cd _build/default && /opt/homebrew/bin/ocamldep.opt -modules -impl 7-sums/test/SumsTests.ml) > _build/default/7-sums/test/.SumsTests.eobjs/SumsTests.ml.d
$ (cd _build/default && /opt/homebrew/bin/ocamlc.opt -w -40 -g -bin-annot -I 7-sums/lib/.Sums.objs/byte -no-alias-deps -o 7-sums/lib/.Sums.objs/byte/sums.cmo -c -impl 7-sums/lib/Sums.ml)
$ (cd _build/default && /opt/homebrew/bin/ocamlopt.opt -w -40 -g -I 4-essay-question/lib/.Essay.objs/byte -I 4-essay-question/lib/.Essay.objs/native -intf-suffix .ml -no-alias-deps -o 4-essay-question/lib/.Essay.objs/native/essay.cmx -c -impl 4-essay-question/lib/Essay.ml)
$ (cd _build/default && /opt/homebrew/bin/ocamlopt.opt -w -40 -g -I 1-complex-numbers/lib/.ComplexNumbers.objs/byte -I 1-complex-numbers/lib/.ComplexNumbers.objs/native -intf-suffix .ml -no-alias-deps -o 1-complex-numbers/lib/.ComplexNumbers.objs/native/complexNumbers.cmx -c -impl 1-complex-numbers/lib/ComplexNumbers.ml)
$ (cd _build/default && /opt/homebrew/bin/ocamlopt.opt -w -40 -g -I 2-sequence-arithmetic/lib/.SequenceArithmetic.objs/byte -I 2-sequence-arithmetic/lib/.SequenceArithmetic.objs/native -intf-suffix .ml -no-alias-deps -o 2-sequence-arithmetic/lib/.SequenceArithmetic.objs/native/sequenceArithmetic.cmx -c -impl 2-sequence-arithmetic/lib/SequenceArithmetic.ml)
$ (cd _build/default && /opt/homebrew/bin/ocamlopt.opt -w -40 -g -I 5-isomorphic-functions/lib/.Functions.objs/byte -I 5-isomorphic-functions/lib/.Functions.objs/native -intf-suffix .ml -no-alias-deps -o 5-isomorphic-functions/lib/.Functions.objs/native/functions.cmx -c -impl 5-isomorphic-functions/lib/Functions.ml)
$ (cd _build/default && /opt/homebrew/bin/ocamlopt.opt -w -40 -g -I 6-Church-numerals/lib/.ChurchNumerals.objs/byte -I 6-Church-numerals/lib/.ChurchNumerals.objs/native -intf-suffix .ml -no-alias-deps -o 6-Church-numerals/lib/.ChurchNumerals.objs/native/churchNumerals.cmx -c -impl 6-Church-numerals/lib/ChurchNumerals.ml)
$ (cd _build/default && /opt/homebrew/bin/ocamlopt.opt -w -40 -g -I 3-matrices/lib/.Matrices.objs/byte -I 3-matrices/lib/.Matrices.objs/native -intf-suffix .ml -no-alias-deps -o 3-matrices/lib/.Matrices.objs/native/matrices.cmx -c -impl 3-matrices/lib/Matrices.ml)
$ (cd _build/default && /opt/homebrew/bin/ocamlopt.opt -w -40 -g -I 7-sums/lib/.Sums.objs/byte -I 7-sums/lib/.Sums.objs/native -intf-suffix .ml -no-alias-deps -o 7-sums/lib/.Sums.objs/native/sums.cmx -c -impl 7-sums/lib/Sums.ml)
$ (cd _build/default && /opt/homebrew/bin/ocamlopt.opt -w -40 -g -a -o 2-sequence-arithmetic/lib/SequenceArithmetic.cmxa 2-sequence-arithmetic/lib/.SequenceArithmetic.objs/native/sequenceArithmetic.cmx)
$ (cd _build/default && /opt/homebrew/bin/ocamlopt.opt -w -40 -g -a -o 6-Church-numerals/lib/ChurchNumerals.cmxa 6-Church-numerals/lib/.ChurchNumerals.objs/native/churchNumerals.cmx)
$ (cd _build/default && /opt/homebrew/bin/ocamlopt.opt -w -40 -g -a -o 5-isomorphic-functions/lib/Functions.cmxa 5-isomorphic-functions/lib/.Functions.objs/native/functions.cmx)
$ (cd _build/default && /opt/homebrew/bin/ocamlopt.opt -w -40 -g -a -o 1-complex-numbers/lib/ComplexNumbers.cmxa 1-complex-numbers/lib/.ComplexNumbers.objs/native/complexNumbers.cmx)
$ (cd _build/default && /opt/homebrew/bin/ocamlopt.opt -w -40 -g -a -o 4-essay-question/lib/Essay.cmxa 4-essay-question/lib/.Essay.objs/native/essay.cmx)
$ (cd _build/default && /opt/homebrew/bin/ocamlopt.opt -w -40 -g -a -o 3-matrices/lib/Matrices.cmxa 3-matrices/lib/.Matrices.objs/native/matrices.cmx)
$ (cd _build/default && /opt/homebrew/bin/ocamlopt.opt -w -40 -g -a -o 7-sums/lib/Sums.cmxa 7-sums/lib/.Sums.objs/native/sums.cmx)
$ (cd _build/default && /opt/homebrew/bin/ocamlc.opt -w -40 -g -bin-annot -I 4-essay-question/test/.EssayTests.eobjs/byte -I /Users/akshay/.opam/default/lib/bytes -I /Users/akshay/.opam/default/lib/oUnit -I /Users/akshay/.opam/default/lib/ounit2 -I /Users/akshay/.opam/default/lib/ounit2/advanced -I /Users/akshay/.opam/default/lib/qcheck -I /Users/akshay/.opam/default/lib/qcheck-core -I /Users/akshay/.opam/default/lib/qcheck-core/runner -I /Users/akshay/.opam/default/lib/qcheck-ounit -I /Users/akshay/.opam/default/lib/stdlib-shims -I 4-essay-question/lib/.Essay.objs/byte -no-alias-deps -o 4-essay-question/test/.EssayTests.eobjs/byte/essayTests.cmo -c -impl 4-essay-question/test/EssayTests.ml)
$ (cd _build/default && /opt/homebrew/bin/ocamlc.opt -w -40 -g -bin-annot -I 5-isomorphic-functions/test/.FunctionsTests.eobjs/byte -I /Users/akshay/.opam/default/lib/bytes -I /Users/akshay/.opam/default/lib/oUnit -I /Users/akshay/.opam/default/lib/ounit2 -I /Users/akshay/.opam/default/lib/ounit2/advanced -I /Users/akshay/.opam/default/lib/qcheck -I /Users/akshay/.opam/default/lib/qcheck-core -I /Users/akshay/.opam/default/lib/qcheck-core/runner -I /Users/akshay/.opam/default/lib/qcheck-ounit -I /Users/akshay/.opam/default/lib/stdlib-shims -I 5-isomorphic-functions/lib/.Functions.objs/byte -no-alias-deps -o 5-isomorphic-functions/test/.FunctionsTests.eobjs/byte/functionsTests.cmo -c -impl 5-isomorphic-functions/test/FunctionsTests.ml)
$ (cd _build/default && /opt/homebrew/bin/ocamlc.opt -w -40 -g -bin-annot -I 6-Church-numerals/test/.ChurchNumeralsTests.eobjs/byte -I /Users/akshay/.opam/default/lib/bytes -I /Users/akshay/.opam/default/lib/oUnit -I /Users/akshay/.opam/default/lib/ounit2 -I /Users/akshay/.opam/default/lib/ounit2/advanced -I /Users/akshay/.opam/default/lib/qcheck -I /Users/akshay/.opam/default/lib/qcheck-core -I /Users/akshay/.opam/default/lib/qcheck-core/runner -I /Users/akshay/.opam/default/lib/qcheck-ounit -I /Users/akshay/.opam/default/lib/stdlib-shims -I 6-Church-numerals/lib/.ChurchNumerals.objs/byte -no-alias-deps -o 6-Church-numerals/test/.ChurchNumeralsTests.eobjs/byte/churchNumeralsTests.cmo -c -impl 6-Church-numerals/test/ChurchNumeralsTests.ml)
$ (cd _build/default && /opt/homebrew/bin/ocamlc.opt -w -40 -g -bin-annot -I 2-sequence-arithmetic/test/.SequenceArithmeticTests.eobjs/byte -I /Users/akshay/.opam/default/lib/bytes -I /Users/akshay/.opam/default/lib/oUnit -I /Users/akshay/.opam/default/lib/ounit2 -I /Users/akshay/.opam/default/lib/ounit2/advanced -I /Users/akshay/.opam/default/lib/qcheck -I /Users/akshay/.opam/default/lib/qcheck-core -I /Users/akshay/.opam/default/lib/qcheck-core/runner -I /Users/akshay/.opam/default/lib/qcheck-ounit -I /Users/akshay/.opam/default/lib/stdlib-shims -I 2-sequence-arithmetic/lib/.SequenceArithmetic.objs/byte -no-alias-deps -o 2-sequence-arithmetic/test/.SequenceArithmeticTests.eobjs/byte/sequenceArithmeticTests.cmo -c -impl 2-sequence-arithmetic/test/SequenceArithmeticTests.ml)
$ (cd _build/default && /opt/homebrew/bin/ocamlc.opt -w -40 -g -bin-annot -I 1-complex-numbers/test/.ComplexNumbersTests.eobjs/byte -I /Users/akshay/.opam/default/lib/bytes -I /Users/akshay/.opam/default/lib/oUnit -I /Users/akshay/.opam/default/lib/ounit2 -I /Users/akshay/.opam/default/lib/ounit2/advanced -I /Users/akshay/.opam/default/lib/qcheck -I /Users/akshay/.opam/default/lib/qcheck-core -I /Users/akshay/.opam/default/lib/qcheck-core/runner -I /Users/akshay/.opam/default/lib/qcheck-ounit -I /Users/akshay/.opam/default/lib/stdlib-shims -I 1-complex-numbers/lib/.ComplexNumbers.objs/byte -no-alias-deps -o 1-complex-numbers/test/.ComplexNumbersTests.eobjs/byte/complexNumbersTests.cmo -c -impl 1-complex-numbers/test/ComplexNumbersTests.ml)
$ (cd _build/default && /opt/homebrew/bin/ocamlc.opt -w -40 -g -bin-annot -I 7-sums/test/.SumsTests.eobjs/byte -I /Users/akshay/.opam/default/lib/bytes -I /Users/akshay/.opam/default/lib/oUnit -I /Users/akshay/.opam/default/lib/ounit2 -I /Users/akshay/.opam/default/lib/ounit2/advanced -I /Users/akshay/.opam/default/lib/qcheck -I /Users/akshay/.opam/default/lib/qcheck-core -I /Users/akshay/.opam/default/lib/qcheck-core/runner -I /Users/akshay/.opam/default/lib/qcheck-ounit -I /Users/akshay/.opam/default/lib/stdlib-shims -I 7-sums/lib/.Sums.objs/byte -no-alias-deps -o 7-sums/test/.SumsTests.eobjs/byte/sumsTests.cmo -c -impl 7-sums/test/SumsTests.ml)
$ (cd _build/default && /opt/homebrew/bin/ocamlc.opt -w -40 -g -bin-annot -I 3-matrices/test/.MatricesTests.eobjs/byte -I /Users/akshay/.opam/default/lib/bytes -I /Users/akshay/.opam/default/lib/oUnit -I /Users/akshay/.opam/default/lib/ounit2 -I /Users/akshay/.opam/default/lib/ounit2/advanced -I /Users/akshay/.opam/default/lib/qcheck -I /Users/akshay/.opam/default/lib/qcheck-core -I /Users/akshay/.opam/default/lib/qcheck-core/runner -I /Users/akshay/.opam/default/lib/qcheck-ounit -I /Users/akshay/.opam/default/lib/stdlib-shims -I 3-matrices/lib/.Matrices.objs/byte -no-alias-deps -o 3-matrices/test/.MatricesTests.eobjs/byte/matricesTests.cmo -c -impl 3-matrices/test/MatricesTests.ml)
$ (cd _build/default && /opt/homebrew/bin/ocamlopt.opt -w -40 -g -I 6-Church-numerals/test/.ChurchNumeralsTests.eobjs/byte -I 6-Church-numerals/test/.ChurchNumeralsTests.eobjs/native -I /Users/akshay/.opam/default/lib/bytes -I /Users/akshay/.opam/default/lib/oUnit -I /Users/akshay/.opam/default/lib/ounit2 -I /Users/akshay/.opam/default/lib/ounit2/advanced -I /Users/akshay/.opam/default/lib/qcheck -I /Users/akshay/.opam/default/lib/qcheck-core -I /Users/akshay/.opam/default/lib/qcheck-core/runner -I /Users/akshay/.opam/default/lib/qcheck-ounit -I /Users/akshay/.opam/default/lib/stdlib-shims -I 6-Church-numerals/lib/.ChurchNumerals.objs/byte -I 6-Church-numerals/lib/.ChurchNumerals.objs/native -intf-suffix .ml -no-alias-deps -o 6-Church-numerals/test/.ChurchNumeralsTests.eobjs/native/churchNumeralsTests.cmx -c -impl 6-Church-numerals/test/ChurchNumeralsTests.ml)
$ (cd _build/default && /opt/homebrew/bin/ocamlopt.opt -w -40 -g -I 4-essay-question/test/.EssayTests.eobjs/byte -I 4-essay-question/test/.EssayTests.eobjs/native -I /Users/akshay/.opam/default/lib/bytes -I /Users/akshay/.opam/default/lib/oUnit -I /Users/akshay/.opam/default/lib/ounit2 -I /Users/akshay/.opam/default/lib/ounit2/advanced -I /Users/akshay/.opam/default/lib/qcheck -I /Users/akshay/.opam/default/lib/qcheck-core -I /Users/akshay/.opam/default/lib/qcheck-core/runner -I /Users/akshay/.opam/default/lib/qcheck-ounit -I /Users/akshay/.opam/default/lib/stdlib-shims -I 4-essay-question/lib/.Essay.objs/byte -I 4-essay-question/lib/.Essay.objs/native -intf-suffix .ml -no-alias-deps -o 4-essay-question/test/.EssayTests.eobjs/native/essayTests.cmx -c -impl 4-essay-question/test/EssayTests.ml)
$ (cd _build/default && /opt/homebrew/bin/ocamlopt.opt -w -40 -g -I 2-sequence-arithmetic/test/.SequenceArithmeticTests.eobjs/byte -I 2-sequence-arithmetic/test/.SequenceArithmeticTests.eobjs/native -I /Users/akshay/.opam/default/lib/bytes -I /Users/akshay/.opam/default/lib/oUnit -I /Users/akshay/.opam/default/lib/ounit2 -I /Users/akshay/.opam/default/lib/ounit2/advanced -I /Users/akshay/.opam/default/lib/qcheck -I /Users/akshay/.opam/default/lib/qcheck-core -I /Users/akshay/.opam/default/lib/qcheck-core/runner -I /Users/akshay/.opam/default/lib/qcheck-ounit -I /Users/akshay/.opam/default/lib/stdlib-shims -I 2-sequence-arithmetic/lib/.SequenceArithmetic.objs/byte -I 2-sequence-arithmetic/lib/.SequenceArithmetic.objs/native -intf-suffix .ml -no-alias-deps -o 2-sequence-arithmetic/test/.SequenceArithmeticTests.eobjs/native/sequenceArithmeticTests.cmx -c -impl 2-sequence-arithmetic/test/SequenceArithmeticTests.ml)
$ (cd _build/default && /opt/homebrew/bin/ocamlopt.opt -w -40 -g -I 5-isomorphic-functions/test/.FunctionsTests.eobjs/byte -I 5-isomorphic-functions/test/.FunctionsTests.eobjs/native -I /Users/akshay/.opam/default/lib/bytes -I /Users/akshay/.opam/default/lib/oUnit -I /Users/akshay/.opam/default/lib/ounit2 -I /Users/akshay/.opam/default/lib/ounit2/advanced -I /Users/akshay/.opam/default/lib/qcheck -I /Users/akshay/.opam/default/lib/qcheck-core -I /Users/akshay/.opam/default/lib/qcheck-core/runner -I /Users/akshay/.opam/default/lib/qcheck-ounit -I /Users/akshay/.opam/default/lib/stdlib-shims -I 5-isomorphic-functions/lib/.Functions.objs/byte -I 5-isomorphic-functions/lib/.Functions.objs/native -intf-suffix .ml -no-alias-deps -o 5-isomorphic-functions/test/.FunctionsTests.eobjs/native/functionsTests.cmx -c -impl 5-isomorphic-functions/test/FunctionsTests.ml)
$ (cd _build/default && /opt/homebrew/bin/ocamlopt.opt -w -40 -g -I 1-complex-numbers/test/.ComplexNumbersTests.eobjs/byte -I 1-complex-numbers/test/.ComplexNumbersTests.eobjs/native -I /Users/akshay/.opam/default/lib/bytes -I /Users/akshay/.opam/default/lib/oUnit -I /Users/akshay/.opam/default/lib/ounit2 -I /Users/akshay/.opam/default/lib/ounit2/advanced -I /Users/akshay/.opam/default/lib/qcheck -I /Users/akshay/.opam/default/lib/qcheck-core -I /Users/akshay/.opam/default/lib/qcheck-core/runner -I /Users/akshay/.opam/default/lib/qcheck-ounit -I /Users/akshay/.opam/default/lib/stdlib-shims -I 1-complex-numbers/lib/.ComplexNumbers.objs/byte -I 1-complex-numbers/lib/.ComplexNumbers.objs/native -intf-suffix .ml -no-alias-deps -o 1-complex-numbers/test/.ComplexNumbersTests.eobjs/native/complexNumbersTests.cmx -c -impl 1-complex-numbers/test/ComplexNumbersTests.ml)
$ (cd _build/default && /opt/homebrew/bin/ocamlopt.opt -w -40 -g -I 7-sums/test/.SumsTests.eobjs/byte -I 7-sums/test/.SumsTests.eobjs/native -I /Users/akshay/.opam/default/lib/bytes -I /Users/akshay/.opam/default/lib/oUnit -I /Users/akshay/.opam/default/lib/ounit2 -I /Users/akshay/.opam/default/lib/ounit2/advanced -I /Users/akshay/.opam/default/lib/qcheck -I /Users/akshay/.opam/default/lib/qcheck-core -I /Users/akshay/.opam/default/lib/qcheck-core/runner -I /Users/akshay/.opam/default/lib/qcheck-ounit -I /Users/akshay/.opam/default/lib/stdlib-shims -I 7-sums/lib/.Sums.objs/byte -I 7-sums/lib/.Sums.objs/native -intf-suffix .ml -no-alias-deps -o 7-sums/test/.SumsTests.eobjs/native/sumsTests.cmx -c -impl 7-sums/test/SumsTests.ml)
$ (cd _build/default && /opt/homebrew/bin/ocamlopt.opt -w -40 -g -I 3-matrices/test/.MatricesTests.eobjs/byte -I 3-matrices/test/.MatricesTests.eobjs/native -I /Users/akshay/.opam/default/lib/bytes -I /Users/akshay/.opam/default/lib/oUnit -I /Users/akshay/.opam/default/lib/ounit2 -I /Users/akshay/.opam/default/lib/ounit2/advanced -I /Users/akshay/.opam/default/lib/qcheck -I /Users/akshay/.opam/default/lib/qcheck-core -I /Users/akshay/.opam/default/lib/qcheck-core/runner -I /Users/akshay/.opam/default/lib/qcheck-ounit -I /Users/akshay/.opam/default/lib/stdlib-shims -I 3-matrices/lib/.Matrices.objs/byte -I 3-matrices/lib/.Matrices.objs/native -intf-suffix .ml -no-alias-deps -o 3-matrices/test/.MatricesTests.eobjs/native/matricesTests.cmx -c -impl 3-matrices/test/MatricesTests.ml)
$ (cd _build/default && /opt/homebrew/bin/ocamlopt.opt -w -40 -g -o 6-Church-numerals/test/ChurchNumeralsTests.exe 6-Church-numerals/lib/ChurchNumerals.cmxa /opt/homebrew/lib/ocaml/unix.cmxa -I /opt/homebrew/lib/ocaml /Users/akshay/.opam/default/lib/stdlib-shims/stdlib_shims.cmxa /Users/akshay/.opam/default/lib/ounit2/advanced/oUnitAdvanced.cmxa /Users/akshay/.opam/default/lib/ounit2/oUnit.cmxa /Users/akshay/.opam/default/lib/qcheck-core/qcheck_core.cmxa /Users/akshay/.opam/default/lib/qcheck-core/runner/qcheck_runner.cmxa /Users/akshay/.opam/default/lib/qcheck-ounit/qcheck_ounit.cmxa /Users/akshay/.opam/default/lib/qcheck/qcheck.cmxa 6-Church-numerals/test/.ChurchNumeralsTests.eobjs/native/churchNumeralsTests.cmx)
$ (cd _build/default && /opt/homebrew/bin/ocamlopt.opt -w -40 -g -o 4-essay-question/test/EssayTests.exe 4-essay-question/lib/Essay.cmxa /opt/homebrew/lib/ocaml/unix.cmxa -I /opt/homebrew/lib/ocaml /Users/akshay/.opam/default/lib/stdlib-shims/stdlib_shims.cmxa /Users/akshay/.opam/default/lib/ounit2/advanced/oUnitAdvanced.cmxa /Users/akshay/.opam/default/lib/ounit2/oUnit.cmxa /Users/akshay/.opam/default/lib/qcheck-core/qcheck_core.cmxa /Users/akshay/.opam/default/lib/qcheck-core/runner/qcheck_runner.cmxa /Users/akshay/.opam/default/lib/qcheck-ounit/qcheck_ounit.cmxa /Users/akshay/.opam/default/lib/qcheck/qcheck.cmxa 4-essay-question/test/.EssayTests.eobjs/native/essayTests.cmx)
$ (cd _build/default && /opt/homebrew/bin/ocamlopt.opt -w -40 -g -o 1-complex-numbers/test/ComplexNumbersTests.exe 1-complex-numbers/lib/ComplexNumbers.cmxa /opt/homebrew/lib/ocaml/unix.cmxa -I /opt/homebrew/lib/ocaml /Users/akshay/.opam/default/lib/stdlib-shims/stdlib_shims.cmxa /Users/akshay/.opam/default/lib/ounit2/advanced/oUnitAdvanced.cmxa /Users/akshay/.opam/default/lib/ounit2/oUnit.cmxa /Users/akshay/.opam/default/lib/qcheck-core/qcheck_core.cmxa /Users/akshay/.opam/default/lib/qcheck-core/runner/qcheck_runner.cmxa /Users/akshay/.opam/default/lib/qcheck-ounit/qcheck_ounit.cmxa /Users/akshay/.opam/default/lib/qcheck/qcheck.cmxa 1-complex-numbers/test/.ComplexNumbersTests.eobjs/native/complexNumbersTests.cmx)
$ (cd _build/default && /opt/homebrew/bin/ocamlopt.opt -w -40 -g -o 2-sequence-arithmetic/test/SequenceArithmeticTests.exe 2-sequence-arithmetic/lib/SequenceArithmetic.cmxa /opt/homebrew/lib/ocaml/unix.cmxa -I /opt/homebrew/lib/ocaml /Users/akshay/.opam/default/lib/stdlib-shims/stdlib_shims.cmxa /Users/akshay/.opam/default/lib/ounit2/advanced/oUnitAdvanced.cmxa /Users/akshay/.opam/default/lib/ounit2/oUnit.cmxa /Users/akshay/.opam/default/lib/qcheck-core/qcheck_core.cmxa /Users/akshay/.opam/default/lib/qcheck-core/runner/qcheck_runner.cmxa /Users/akshay/.opam/default/lib/qcheck-ounit/qcheck_ounit.cmxa /Users/akshay/.opam/default/lib/qcheck/qcheck.cmxa 2-sequence-arithmetic/test/.SequenceArithmeticTests.eobjs/native/sequenceArithmeticTests.cmx)
$ (cd _build/default && /opt/homebrew/bin/ocamlopt.opt -w -40 -g -o 5-isomorphic-functions/test/FunctionsTests.exe 5-isomorphic-functions/lib/Functions.cmxa /opt/homebrew/lib/ocaml/unix.cmxa -I /opt/homebrew/lib/ocaml /Users/akshay/.opam/default/lib/stdlib-shims/stdlib_shims.cmxa /Users/akshay/.opam/default/lib/ounit2/advanced/oUnitAdvanced.cmxa /Users/akshay/.opam/default/lib/ounit2/oUnit.cmxa /Users/akshay/.opam/default/lib/qcheck-core/qcheck_core.cmxa /Users/akshay/.opam/default/lib/qcheck-core/runner/qcheck_runner.cmxa /Users/akshay/.opam/default/lib/qcheck-ounit/qcheck_ounit.cmxa /Users/akshay/.opam/default/lib/qcheck/qcheck.cmxa 5-isomorphic-functions/test/.FunctionsTests.eobjs/native/functionsTests.cmx)
$ (cd _build/default && /opt/homebrew/bin/ocamlopt.opt -w -40 -g -o 3-matrices/test/MatricesTests.exe 3-matrices/lib/Matrices.cmxa /opt/homebrew/lib/ocaml/unix.cmxa -I /opt/homebrew/lib/ocaml /Users/akshay/.opam/default/lib/stdlib-shims/stdlib_shims.cmxa /Users/akshay/.opam/default/lib/ounit2/advanced/oUnitAdvanced.cmxa /Users/akshay/.opam/default/lib/ounit2/oUnit.cmxa /Users/akshay/.opam/default/lib/qcheck-core/qcheck_core.cmxa /Users/akshay/.opam/default/lib/qcheck-core/runner/qcheck_runner.cmxa /Users/akshay/.opam/default/lib/qcheck-ounit/qcheck_ounit.cmxa /Users/akshay/.opam/default/lib/qcheck/qcheck.cmxa 3-matrices/test/.MatricesTests.eobjs/native/matricesTests.cmx)
$ (cd _build/default && /opt/homebrew/bin/ocamlopt.opt -w -40 -g -o 7-sums/test/SumsTests.exe 7-sums/lib/Sums.cmxa /opt/homebrew/lib/ocaml/unix.cmxa -I /opt/homebrew/lib/ocaml /Users/akshay/.opam/default/lib/stdlib-shims/stdlib_shims.cmxa /Users/akshay/.opam/default/lib/ounit2/advanced/oUnitAdvanced.cmxa /Users/akshay/.opam/default/lib/ounit2/oUnit.cmxa /Users/akshay/.opam/default/lib/qcheck-core/qcheck_core.cmxa /Users/akshay/.opam/default/lib/qcheck-core/runner/qcheck_runner.cmxa /Users/akshay/.opam/default/lib/qcheck-ounit/qcheck_ounit.cmxa /Users/akshay/.opam/default/lib/qcheck/qcheck.cmxa 7-sums/test/.SumsTests.eobjs/native/sumsTests.cmx)
$ (cd _build/default/4-essay-question/test && ./EssayTests.exe)
> ...........
> Ran: 11 tests in: 0.11 seconds.
> OK
$ (cd _build/default/6-Church-numerals/test && ./ChurchNumeralsTests.exe)
> ...
> Ran: 3 tests in: 0.17 seconds.
> OK
$ (cd _build/default/1-complex-numbers/test && ./ComplexNumbersTests.exe)
> .............
> Ran: 13 tests in: 0.13 seconds.
> OK
$ (cd _build/default/2-sequence-arithmetic/test && ./SequenceArithmeticTests.exe)
> ............
> Ran: 12 tests in: 0.24 seconds.
> OK
$ (cd _build/default/5-isomorphic-functions/test && ./FunctionsTests.exe)
> ....
> Ran: 4 tests in: 0.12 seconds.
> OK
$ (cd _build/default/3-matrices/test && ./MatricesTests.exe)
> EEEEEEEEEE........EEE.EE.EF.E.
> ==============================================================================
> Error: matrices_tests:29:multiplication_zeros.
>
> File "/Users/akshay/Documents/Year 2/ProgrammingLanguages/f28pl-2021-22-ocaml-coursework/_build/default/3-matrices/test/oUnit-matrices_tests-Akshays-MacBook-Pro.local#02.log", line 98, characters 1-1:
> Error: matrices_tests:29:multiplication_zeros (in the log).
>
> Raised at QCheck2.Test.check_result in file "src/core/QCheck2.ml", line 1762, characters 6-78
> Called from OUnitRunner.run_one_test.(fun) in file "src/lib/ounit2/advanced/oUnitRunner.ml", line 83, characters 13-26
>
> test `multiplication_zeros` raised exception `Failure("not implemented yet")`
> on `3 19 193 107 8 0 7 4 
> 6 3 1 7 7 7 3 71 
> 19 4 3779 60 2 6 5 882 
> 6 0 58 281 82 22 652 8 
> 2 2 51 221 364 7 3 823 
> 4 3 8 150 97 21 3 5 
> 9 5 61 92 7 2 11 6 
> 7 28 837 4 6 69 3 30 
>
> 0 0 0 0 0 0 0 0 
> 0 0 0 0 0 0 0 0 
> 0 0 0 0 0 0 0 0 
> 0 0 0 0 0 0 0 0 
> 0 0 0 0 0 0 0 0 
> 0 0 0 0 0 0 0 0 
> 0 0 0 0 0 0 0 0 
> 0 0 0 0 0 0 0 0 
> `
> Raised at Stdlib.failwith in file "stdlib.ml", line 29, characters 17-33
> Called from Matrices.matrix_mult in file "3-matrices/lib/Matrices.ml" (inlined), line 97, characters 2-32
> Called from MatricesTests.multiplcation_zeros.(fun) in file "3-matrices/test/MatricesTests.ml", line 319, characters 20-37
> Called from QCheck2.Test.run_law in file "src/core/QCheck2.ml", line 1410, characters 9-14
> Called from QCheck2.Test.check_state_input in file "src/core/QCheck2.ml", line 1533, characters 20-48
>
> ------------------------------------------------------------------------------
> ==============================================================================
> Error: matrices_tests:26:associative_multiplication.
>
> File "/Users/akshay/Documents/Year 2/ProgrammingLanguages/f28pl-2021-22-ocaml-coursework/_build/default/3-matrices/test/oUnit-matrices_tests-Akshays-MacBook-Pro.local#01.log", line 150, characters 1-1:
> Error: matrices_tests:26:associative_multiplication (in the log).
>
> Raised at QCheck2.Test.check_result in file "src/core/QCheck2.ml", line 1762, characters 6-78
> Called from OUnitRunner.run_one_test.(fun) in file "src/lib/ounit2/advanced/oUnitRunner.ml", line 83, characters 13-26
>
> test `associative_multiplication`
> raised exception `Failure("not implemented yet")`
> on `1 74 2 544 36 1 8 79 
> 6 1 20 9 3 6 156 7 
> 9 1 14 814 583 120 442 0 
> 700 3 3 6 1284 6 254 6 
> 574 7 2 5 817 93 114 7125 
> 7 2 3 1458 13 91 4 39 
> 449 60 7 224 3 41 2 5 
> 7 339 0 465 7 1 532 111 
>
> 3 0 6 2405 5 9 8 14 
> 2 6 31 2 7 1 65 968 
> 0 31 8359 7553 4 9 2723 7 
> 739 6 0 494 3 8332 3242 9 
> 6 50 0 5 610 3 4 709 
> 2 7 18 52 7 949 9 5 
> 2 43 7 3 8 1 7 8 
> 65 0 19 2 1 2 5106 80 
>
> 3 19 193 107 8 0 7 4 
> 6 3 1 7 7 7 3 71 
> 19 4 3779 60 2 6 5 882 
> 6 0 58 281 82 22 652 8 
> 2 2 51 221 364 7 3 823 
> 4 3 8 150 97 21 3 5 
> 9 5 61 92 7 2 11 6 
> 7 28 837 4 6 69 3 30 
> `
> Raised at Stdlib.failwith in file "stdlib.ml", line 29, characters 17-33
> Called from Matrices.matrix_mult in file "3-matrices/lib/Matrices.ml" (inlined), line 97, characters 2-32
> Called from MatricesTests.associative_multiplication.(fun) in file "3-matrices/test/MatricesTests.ml", line 280, characters 72-91
> Called from QCheck2.Test.run_law in file "src/core/QCheck2.ml", line 1410, characters 9-14
> Called from QCheck2.Test.check_state_input in file "src/core/QCheck2.ml", line 1533, characters 20-48
>
> ------------------------------------------------------------------------------
> ==============================================================================
> Error: matrices_tests:23:matrix_mult_2x4.
>
> File "/Users/akshay/Documents/Year 2/ProgrammingLanguages/f28pl-2021-22-ocaml-coursework/_build/default/3-matrices/test/oUnit-matrices_tests-Akshays-MacBook-Pro.local#02.log", line 53, characters 1-1:
> Error: matrices_tests:23:matrix_mult_2x4 (in the log).
>
> Raised at Stdlib.failwith in file "stdlib.ml", line 29, characters 17-33
> Called from Matrices.matrix_mult in file "3-matrices/lib/Matrices.ml" (inlined), line 97, characters 2-32
> Called from MatricesTests.matrix_mult_2x4 in file "3-matrices/test/MatricesTests.ml", line 185, characters 4-33
> Called from OUnitRunner.run_one_test.(fun) in file "src/lib/ounit2/advanced/oUnitRunner.ml", line 83, characters 13-26
>
> Failure("not implemented yet")
> ------------------------------------------------------------------------------
> ==============================================================================
> Error: matrices_tests:22:matrix_mult_3x2.
>
> File "/Users/akshay/Documents/Year 2/ProgrammingLanguages/f28pl-2021-22-ocaml-coursework/_build/default/3-matrices/test/oUnit-matrices_tests-Akshays-MacBook-Pro.local#01.log", line 95, characters 1-1:
> Error: matrices_tests:22:matrix_mult_3x2 (in the log).
>
> Raised at Stdlib.failwith in file "stdlib.ml", line 29, characters 17-33
> Called from Matrices.matrix_mult in file "3-matrices/lib/Matrices.ml" (inlined), line 97, characters 2-32
> Called from MatricesTests.matrix_mult_3x2 in file "3-matrices/test/MatricesTests.ml", line 177, characters 4-33
> Called from OUnitRunner.run_one_test.(fun) in file "src/lib/ounit2/advanced/oUnitRunner.ml", line 83, characters 13-26
>
> Failure("not implemented yet")
> ------------------------------------------------------------------------------
> ==============================================================================
> Error: matrices_tests:21:matrix_mult_3x3.
>
> File "/Users/akshay/Documents/Year 2/ProgrammingLanguages/f28pl-2021-22-ocaml-coursework/_build/default/3-matrices/test/oUnit-matrices_tests-Akshays-MacBook-Pro.local#01.log", line 86, characters 1-1:
> Error: matrices_tests:21:matrix_mult_3x3 (in the log).
>
> Raised at Stdlib.failwith in file "stdlib.ml", line 29, characters 17-33
> Called from Matrices.matrix_mult in file "3-matrices/lib/Matrices.ml" (inlined), line 97, characters 2-32
> Called from MatricesTests.matrix_mult_3x3 in file "3-matrices/test/MatricesTests.ml", line 169, characters 4-33
> Called from OUnitRunner.run_one_test.(fun) in file "src/lib/ounit2/advanced/oUnitRunner.ml", line 83, characters 13-26
>
> Failure("not implemented yet")
> ------------------------------------------------------------------------------
> ==============================================================================
> Error: matrices_tests:20:matrix_mult_zero_columns.
>
> File "/Users/akshay/Documents/Year 2/ProgrammingLanguages/f28pl-2021-22-ocaml-coursework/_build/default/3-matrices/test/oUnit-matrices_tests-Akshays-MacBook-Pro.local#01.log", line 77, characters 1-1:
> Error: matrices_tests:20:matrix_mult_zero_columns (in the log).
>
> Raised at Stdlib.failwith in file "stdlib.ml", line 29, characters 17-33
> Called from Matrices.matrix_mult in file "3-matrices/lib/Matrices.ml" (inlined), line 97, characters 2-32
> Called from MatricesTests.matrix_mult_zero_columns in file "3-matrices/test/MatricesTests.ml", line 161, characters 4-33
> Called from OUnitRunner.run_one_test.(fun) in file "src/lib/ounit2/advanced/oUnitRunner.ml", line 83, characters 13-26
>
> Failure("not implemented yet")
> ------------------------------------------------------------------------------
> ==============================================================================
> Error: matrices_tests:19:matrix_mult_empty.
>
> File "/Users/akshay/Documents/Year 2/ProgrammingLanguages/f28pl-2021-22-ocaml-coursework/_build/default/3-matrices/test/oUnit-matrices_tests-Akshays-MacBook-Pro.local#01.log", line 68, characters 1-1:
> Error: matrices_tests:19:matrix_mult_empty (in the log).
>
> Raised at Stdlib.failwith in file "stdlib.ml", line 29, characters 17-33
> Called from Matrices.matrix_mult in file "3-matrices/lib/Matrices.ml" (inlined), line 97, characters 2-32
> Called from MatricesTests.matrix_mult_empty in file "3-matrices/test/MatricesTests.ml", line 154, characters 4-43
> Called from OUnitRunner.run_one_test.(fun) in file "src/lib/ounit2/advanced/oUnitRunner.ml", line 83, characters 13-26
>
> Failure("not implemented yet")
> ------------------------------------------------------------------------------
> ==============================================================================
> Error: matrices_tests:9:is_matrix_no3.
>
> File "/Users/akshay/Documents/Year 2/ProgrammingLanguages/f28pl-2021-22-ocaml-coursework/_build/default/3-matrices/test/oUnit-matrices_tests-Akshays-MacBook-Pro.local#01.log", line 47, characters 1-1:
> Error: matrices_tests:9:is_matrix_no3 (in the log).
>
> Raised at Stdlib.failwith in file "stdlib.ml", line 29, characters 17-33
> Called from Matrices.is_matrix in file "3-matrices/lib/Matrices.ml" (inlined), line 42, characters 2-32
> Called from MatricesTests.is_matrix_no3 in file "3-matrices/test/MatricesTests.ml", line 91, characters 51-76
> Called from OUnitRunner.run_one_test.(fun) in file "src/lib/ounit2/advanced/oUnitRunner.ml", line 83, characters 13-26
>
> Failure("not implemented yet")
> ------------------------------------------------------------------------------
> ==============================================================================
> Error: matrices_tests:8:is_matrix_no2.
>
> File "/Users/akshay/Documents/Year 2/ProgrammingLanguages/f28pl-2021-22-ocaml-coursework/_build/default/3-matrices/test/oUnit-matrices_tests-Akshays-MacBook-Pro.local#02.log", line 29, characters 1-1:
> Error: matrices_tests:8:is_matrix_no2 (in the log).
>
> Raised at Stdlib.failwith in file "stdlib.ml", line 29, characters 17-33
> Called from Matrices.is_matrix in file "3-matrices/lib/Matrices.ml" (inlined), line 42, characters 2-32
> Called from MatricesTests.is_matrix_no2 in file "3-matrices/test/MatricesTests.ml", line 83, characters 51-76
> Called from OUnitRunner.run_one_test.(fun) in file "src/lib/ounit2/advanced/oUnitRunner.ml", line 83, characters 13-26
>
> Failure("not implemented yet")
> ------------------------------------------------------------------------------
> ==============================================================================
> Error: matrices_tests:7:is_matrix_no1.
>
> File "/Users/akshay/Documents/Year 2/ProgrammingLanguages/f28pl-2021-22-ocaml-coursework/_build/default/3-matrices/test/oUnit-matrices_tests-Akshays-MacBook-Pro.local#01.log", line 38, characters 1-1:
> Error: matrices_tests:7:is_matrix_no1 (in the log).
>
> Raised at Stdlib.failwith in file "stdlib.ml", line 29, characters 17-33
> Called from Matrices.is_matrix in file "3-matrices/lib/Matrices.ml" (inlined), line 42, characters 2-32
> Called from MatricesTests.is_matrix_no1 in file "3-matrices/test/MatricesTests.ml", line 77, characters 51-76
> Called from OUnitRunner.run_one_test.(fun) in file "src/lib/ounit2/advanced/oUnitRunner.ml", line 83, characters 13-26
>
> Failure("not implemented yet")
> ------------------------------------------------------------------------------
> ==============================================================================
> Error: matrices_tests:6:is_matrix_four_rows_four_columns.
>
> File "/Users/akshay/Documents/Year 2/ProgrammingLanguages/f28pl-2021-22-ocaml-coursework/_build/default/3-matrices/test/oUnit-matrices_tests-Akshays-MacBook-Pro.local#02.log", line 20, characters 1-1:
> Error: matrices_tests:6:is_matrix_four_rows_four_columns (in the log).
>
> Raised at Stdlib.failwith in file "stdlib.ml", line 29, characters 17-33
> Called from Matrices.is_matrix in file "3-matrices/lib/Matrices.ml" (inlined), line 42, characters 2-32
> Called from MatricesTests.is_matrix_four_rows_four_columns in file "3-matrices/test/MatricesTests.ml", line 71, characters 47-88
> Called from OUnitRunner.run_one_test.(fun) in file "src/lib/ounit2/advanced/oUnitRunner.ml", line 83, characters 13-26
>
> Failure("not implemented yet")
> ------------------------------------------------------------------------------
> ==============================================================================
> Error: matrices_tests:5:is_matrix_three_rows_two_columns.
>
> File "/Users/akshay/Documents/Year 2/ProgrammingLanguages/f28pl-2021-22-ocaml-coursework/_build/default/3-matrices/test/oUnit-matrices_tests-Akshays-MacBook-Pro.local#01.log", line 29, characters 1-1:
> Error: matrices_tests:5:is_matrix_three_rows_two_columns (in the log).
>
> Raised at Stdlib.failwith in file "stdlib.ml", line 29, characters 17-33
> Called from Matrices.is_matrix in file "3-matrices/lib/Matrices.ml" (inlined), line 42, characters 2-32
> Called from MatricesTests.is_matrix_three_rows_two_columns in file "3-matrices/test/MatricesTests.ml", line 65, characters 47-88
> Called from OUnitRunner.run_one_test.(fun) in file "src/lib/ounit2/advanced/oUnitRunner.ml", line 83, characters 13-26
>
> Failure("not implemented yet")
> ------------------------------------------------------------------------------
> ==============================================================================
> Error: matrices_tests:4:is_matrix_three_rows.
>
> File "/Users/akshay/Documents/Year 2/ProgrammingLanguages/f28pl-2021-22-ocaml-coursework/_build/default/3-matrices/test/oUnit-matrices_tests-Akshays-MacBook-Pro.local#02.log", line 11, characters 1-1:
> Error: matrices_tests:4:is_matrix_three_rows (in the log).
>
> Raised at Stdlib.failwith in file "stdlib.ml", line 29, characters 17-33
> Called from Matrices.is_matrix in file "3-matrices/lib/Matrices.ml" (inlined), line 42, characters 2-32
> Called from MatricesTests.is_matrix_three_rows in file "3-matrices/test/MatricesTests.ml", line 59, characters 47-76
> Called from OUnitRunner.run_one_test.(fun) in file "src/lib/ounit2/advanced/oUnitRunner.ml", line 83, characters 13-26
>
> Failure("not implemented yet")
> ------------------------------------------------------------------------------
> ==============================================================================
> Error: matrices_tests:3:is_matrix_two_rows.
>
> File "/Users/akshay/Documents/Year 2/ProgrammingLanguages/f28pl-2021-22-ocaml-coursework/_build/default/3-matrices/test/oUnit-matrices_tests-Akshays-MacBook-Pro.local#01.log", line 20, characters 1-1:
> Error: matrices_tests:3:is_matrix_two_rows (in the log).
>
> Raised at Stdlib.failwith in file "stdlib.ml", line 29, characters 17-33
> Called from Matrices.is_matrix in file "3-matrices/lib/Matrices.ml" (inlined), line 42, characters 2-32
> Called from MatricesTests.is_matrix_two_rows in file "3-matrices/test/MatricesTests.ml", line 52, characters 47-74
> Called from OUnitRunner.run_one_test.(fun) in file "src/lib/ounit2/advanced/oUnitRunner.ml", line 83, characters 13-26
>
> Failure("not implemented yet")
> ------------------------------------------------------------------------------
> ==============================================================================
> Error: matrices_tests:1:is_matrix_empty2.
>
> File "/Users/akshay/Documents/Year 2/ProgrammingLanguages/f28pl-2021-22-ocaml-coursework/_build/default/3-matrices/test/oUnit-matrices_tests-Akshays-MacBook-Pro.local#02.log", line 2, characters 1-1:
> Error: matrices_tests:1:is_matrix_empty2 (in the log).
>
> Raised at Stdlib.failwith in file "stdlib.ml", line 29, characters 17-33
> Called from Matrices.is_matrix in file "3-matrices/lib/Matrices.ml" (inlined), line 42, characters 2-32
> Called from MatricesTests.is_matrix_empty_test2 in file "3-matrices/test/MatricesTests.ml", line 38, characters 47-86
> Called from OUnitRunner.run_one_test.(fun) in file "src/lib/ounit2/advanced/oUnitRunner.ml", line 83, characters 13-26
>
> Failure("not implemented yet")
> ------------------------------------------------------------------------------
> ==============================================================================
> Error: matrices_tests:2:is_matrix_one_row.
>
> File "/Users/akshay/Documents/Year 2/ProgrammingLanguages/f28pl-2021-22-ocaml-coursework/_build/default/3-matrices/test/oUnit-matrices_tests-Akshays-MacBook-Pro.local#01.log", line 11, characters 1-1:
> Error: matrices_tests:2:is_matrix_one_row (in the log).
>
> Raised at Stdlib.failwith in file "stdlib.ml", line 29, characters 17-33
> Called from Matrices.is_matrix in file "3-matrices/lib/Matrices.ml" (inlined), line 42, characters 2-32
> Called from MatricesTests.is_matrix_one_row in file "3-matrices/test/MatricesTests.ml", line 45, characters 47-73
> Called from OUnitRunner.run_one_test.(fun) in file "src/lib/ounit2/advanced/oUnitRunner.ml", line 83, characters 13-26
>
> Failure("not implemented yet")
> ------------------------------------------------------------------------------
> ==============================================================================
> Error: matrices_tests:0:is_matrix_empty1.
>
> File "/Users/akshay/Documents/Year 2/ProgrammingLanguages/f28pl-2021-22-ocaml-coursework/_build/default/3-matrices/test/oUnit-matrices_tests-Akshays-MacBook-Pro.local#01.log", line 2, characters 1-1:
> Error: matrices_tests:0:is_matrix_empty1 (in the log).
>
> Raised at Stdlib.failwith in file "stdlib.ml", line 29, characters 17-33
> Called from Matrices.is_matrix in file "3-matrices/lib/Matrices.ml" (inlined), line 42, characters 2-32
> Called from MatricesTests.is_matrix_empty_test1 in file "3-matrices/test/MatricesTests.ml", line 30, characters 45-69
> Called from OUnitRunner.run_one_test.(fun) in file "src/lib/ounit2/advanced/oUnitRunner.ml", line 83, characters 13-26
>
> Failure("not implemented yet")
> ------------------------------------------------------------------------------
> ==============================================================================
> Error: matrices_tests:27:distributive_multiplication.
>
> File "/Users/akshay/Documents/Year 2/ProgrammingLanguages/f28pl-2021-22-ocaml-coursework/_build/default/3-matrices/test/oUnit-matrices_tests-Akshays-MacBook-Pro.local#01.log", line 194, characters 1-1:
> Error: matrices_tests:27:distributive_multiplication (in the log).
>
> File "src/core/QCheck2.ml", line 1605, characters 1-1:
> Error: matrices_tests:27:distributive_multiplication (in the code).
>
>
> test `distributive_multiplication` failed on â‰¥ 1 cases:
> 1 74 2 544 36 1 8 79 
> 6 1 20 9 3 6 156 7 
> 9 1 14 814 583 120 442 0 
> 700 3 3 6 1284 6 254 6 
> 574 7 2 5 817 93 114 7125 
> 7 2 3 1458 13 91 4 39 
> 449 60 7 224 3 41 2 5 
> 7 339 0 465 7 1 532 111 
>
> 3 0 6 2405 5 9 8 14 
> 2 6 31 2 7 1 65 968 
> 0 31 8359 7553 4 9 2723 7 
> 739 6 0 494 3 8332 3242 9 
> 6 50 0 5 610 3 4 709 
> 2 7 18 52 7 949 9 5 
> 2 43 7 3 8 1 7 8 
> 65 0 19 2 1 2 5106 80 
>
> 3 19 193 107 8 0 7 4 
> 6 3 1 7 7 7 3 71 
> 19 4 3779 60 2 6 5 882 
> 6 0 58 281 82 22 652 8 
> 2 2 51 221 364 7 3 823 
> 4 3 8 150 97 21 3 5 
> 9 5 61 92 7 2 11 6 
> 7 28 837 4 6 69 3 30 
>
>
>
> ------------------------------------------------------------------------------
> Ran: 30 tests in: 0.44 seconds.
> FAILED: Cases: 30 Tried: 30 Errors: 17 Failures: 1 Skip:  0 Todo: 0 Timeouts: 0.
[1]
$ (cd _build/default/7-sums/test && ./SumsTests.exe)
> EEEEEEEE
> ==============================================================================
> Error: algebra_tests:7:compare_sorted_comm.
>
> File "/Users/akshay/Documents/Year 2/ProgrammingLanguages/f28pl-2021-22-ocaml-coursework/_build/default/7-sums/test/oUnit-algebra_tests-Akshays-MacBook-Pro.local#01.log", line 37, characters 1-1:
> Error: algebra_tests:7:compare_sorted_comm (in the log).
>
> Raised at Stdlib.failwith in file "stdlib.ml", line 29, characters 17-33
> Called from SumsTests.show_exps2 in file "7-sums/test/SumsTests.ml", line 81, characters 38-53
> Called from QCheck2.Test.print_instance in file "src/core/QCheck2.ml" (inlined), line 1613, characters 17-21
> Called from QCheck2.Test.print_c_ex in file "src/core/QCheck2.ml", line 1621, characters 33-66
> Called from QCheck2.Test.print_error in file "src/core/QCheck2.ml", line 1757, characters 26-44
> Called from QCheck_base_runner.Raw.callback in file "src/runner/QCheck_base_runner.ml", line 145, characters 12-66
> Called from QCheck2.Test.check_cell in file "src/core/QCheck2.ml", line 1605, characters 4-27
> Called from QCheck2.Test.check_cell_exn in file "src/core/QCheck2.ml", line 1770, characters 14-53
> Called from OUnitRunner.run_one_test.(fun) in file "src/lib/ounit2/advanced/oUnitRunner.ml", line 83, characters 13-26
>
> Failure("not implemented yet")
> ------------------------------------------------------------------------------
> ==============================================================================
> Error: algebra_tests:6:compare_assoc.
>
> File "/Users/akshay/Documents/Year 2/ProgrammingLanguages/f28pl-2021-22-ocaml-coursework/_build/default/7-sums/test/oUnit-algebra_tests-Akshays-MacBook-Pro.local#02.log", line 21, characters 1-1:
> Error: algebra_tests:6:compare_assoc (in the log).
>
> Raised at Stdlib.failwith in file "stdlib.ml", line 29, characters 17-33
> Called from SumsTests.show_exps3 in file "7-sums/test/SumsTests.ml", line 85, characters 65-80
> Called from QCheck2.Test.print_instance in file "src/core/QCheck2.ml" (inlined), line 1613, characters 17-21
> Called from QCheck2.Test.print_c_ex in file "src/core/QCheck2.ml", line 1621, characters 33-66
> Called from QCheck2.Test.print_error in file "src/core/QCheck2.ml", line 1757, characters 26-44
> Called from QCheck_base_runner.Raw.callback in file "src/runner/QCheck_base_runner.ml", line 145, characters 12-66
> Called from QCheck2.Test.check_cell in file "src/core/QCheck2.ml", line 1605, characters 4-27
> Called from QCheck2.Test.check_cell_exn in file "src/core/QCheck2.ml", line 1770, characters 14-53
> Called from OUnitRunner.run_one_test.(fun) in file "src/lib/ounit2/advanced/oUnitRunner.ml", line 83, characters 13-26
>
> Failure("not implemented yet")
> ------------------------------------------------------------------------------
> ==============================================================================
> Error: algebra_tests:5:flatten_sorted_test1.
>
> File "/Users/akshay/Documents/Year 2/ProgrammingLanguages/f28pl-2021-22-ocaml-coursework/_build/default/7-sums/test/oUnit-algebra_tests-Akshays-MacBook-Pro.local#01.log", line 26, characters 1-1:
> Error: algebra_tests:5:flatten_sorted_test1 (in the log).
>
> Raised at Stdlib.failwith in file "stdlib.ml", line 29, characters 17-33
> Called from SumsTests.flatten_sorted_test1 in file "7-sums/test/SumsTests.ml", line 42, characters 15-86
> Called from OUnitRunner.run_one_test.(fun) in file "src/lib/ounit2/advanced/oUnitRunner.ml", line 83, characters 13-26
>
> Failure("not implemented yet")
> ------------------------------------------------------------------------------
> ==============================================================================
> Error: algebra_tests:4:flatten_test1.
>
> File "/Users/akshay/Documents/Year 2/ProgrammingLanguages/f28pl-2021-22-ocaml-coursework/_build/default/7-sums/test/oUnit-algebra_tests-Akshays-MacBook-Pro.local#02.log", line 10, characters 1-1:
> Error: algebra_tests:4:flatten_test1 (in the log).
>
> Raised at Stdlib.failwith in file "stdlib.ml", line 29, characters 17-33
> Called from SumsTests.flatten_test1 in file "7-sums/test/SumsTests.ml", line 39, characters 15-79
> Called from OUnitRunner.run_one_test.(fun) in file "src/lib/ounit2/advanced/oUnitRunner.ml", line 83, characters 13-26
>
> Failure("not implemented yet")
> ------------------------------------------------------------------------------
> ==============================================================================
> Error: algebra_tests:3:eval_test2.
>
> File "/Users/akshay/Documents/Year 2/ProgrammingLanguages/f28pl-2021-22-ocaml-coursework/_build/default/7-sums/test/oUnit-algebra_tests-Akshays-MacBook-Pro.local#01.log", line 18, characters 1-1:
> Error: algebra_tests:3:eval_test2 (in the log).
>
> Raised at Stdlib.failwith in file "stdlib.ml", line 29, characters 17-33
> Called from SumsTests.eval_test2 in file "7-sums/test/SumsTests.ml", line 36, characters 15-68
> Called from OUnitRunner.run_one_test.(fun) in file "src/lib/ounit2/advanced/oUnitRunner.ml", line 83, characters 13-26
>
> Failure("not implemented yet")
> ------------------------------------------------------------------------------
> ==============================================================================
> Error: algebra_tests:1:string_of_exp_test2.
>
> File "/Users/akshay/Documents/Year 2/ProgrammingLanguages/f28pl-2021-22-ocaml-coursework/_build/default/7-sums/test/oUnit-algebra_tests-Akshays-MacBook-Pro.local#02.log", line 2, characters 1-1:
> Error: algebra_tests:1:string_of_exp_test2 (in the log).
>
> Raised at Stdlib.failwith in file "stdlib.ml", line 29, characters 17-33
> Called from SumsTests.string_of_exp_test2 in file "7-sums/test/SumsTests.ml", line 30, characters 15-70
> Called from OUnitRunner.run_one_test.(fun) in file "src/lib/ounit2/advanced/oUnitRunner.ml", line 83, characters 13-26
>
> Failure("not implemented yet")
> ------------------------------------------------------------------------------
> ==============================================================================
> Error: algebra_tests:2:eval_test1.
>
> File "/Users/akshay/Documents/Year 2/ProgrammingLanguages/f28pl-2021-22-ocaml-coursework/_build/default/7-sums/test/oUnit-algebra_tests-Akshays-MacBook-Pro.local#01.log", line 10, characters 1-1:
> Error: algebra_tests:2:eval_test1 (in the log).
>
> Raised at Stdlib.failwith in file "stdlib.ml", line 29, characters 17-33
> Called from SumsTests.eval_test1 in file "7-sums/test/SumsTests.ml", line 33, characters 15-82
> Called from OUnitRunner.run_one_test.(fun) in file "src/lib/ounit2/advanced/oUnitRunner.ml", line 83, characters 13-26
>
> Failure("not implemented yet")
> ------------------------------------------------------------------------------
> ==============================================================================
> Error: algebra_tests:0:string_of_exp_test1.
>
> File "/Users/akshay/Documents/Year 2/ProgrammingLanguages/f28pl-2021-22-ocaml-coursework/_build/default/7-sums/test/oUnit-algebra_tests-Akshays-MacBook-Pro.local#01.log", line 2, characters 1-1:
> Error: algebra_tests:0:string_of_exp_test1 (in the log).
>
> Raised at Stdlib.failwith in file "stdlib.ml", line 29, characters 17-33
> Called from SumsTests.string_of_exp_test1 in file "7-sums/test/SumsTests.ml", line 27, characters 15-67
> Called from OUnitRunner.run_one_test.(fun) in file "src/lib/ounit2/advanced/oUnitRunner.ml", line 83, characters 13-26
>
> Failure("not implemented yet")
> ------------------------------------------------------------------------------
> Ran: 8 tests in: 0.11 seconds.
> FAILED: Cases: 8 Tried: 8 Errors: 8 Failures: 0 Skip:  0 Todo: 0 Timeouts: 0.
[1]
